2014/11/22 14:27:00 [error] [exception.CException] exception 'CException' with message 'Property "CWebApplication.curl" is not defined.' in /home/berserk/projects/faqrs-procurement/yii/framework/base/CComponent.php:130
Stack trace:
#0 /home/berserk/projects/faqrs-procurement/yii/framework/base/CModule.php(105): CComponent->__get('curl')
#1 /home/berserk/projects/faqrs-procurement/procurement/protected/controllers/SiteController.php(112): CModule->__get('curl')
#2 /home/berserk/projects/faqrs-procurement/yii/framework/web/actions/CInlineAction.php(49): SiteController->actionQuery()
#3 /home/berserk/projects/faqrs-procurement/yii/framework/web/CController.php(308): CInlineAction->runWithParams(Array)
#4 /home/berserk/projects/faqrs-procurement/yii/framework/web/CController.php(286): CController->runAction(Object(CInlineAction))
#5 /home/berserk/projects/faqrs-procurement/yii/framework/web/CController.php(265): CController->runActionWithFilters(Object(CInlineAction), Array)
#6 /home/berserk/projects/faqrs-procurement/yii/framework/web/CWebApplication.php(282): CController->run('query')
#7 /home/berserk/projects/faqrs-procurement/yii/framework/web/CWebApplication.php(141): CWebApplication->runController('site/query')
#8 /home/berserk/projects/faqrs-procurement/yii/framework/base/CApplication.php(180): CWebApplication->processRequest()
#9 /home/berserk/projects/faqrs-procurement/procurement/index.php(13): CApplication->run()
#10 {main}
REQUEST_URI=/index.php?r=site/query
---
2014/11/22 14:29:42 [error] [exception.CException] exception 'CException' with message 'You must have CURL enabled in order to use this extension.' in /home/berserk/projects/faqrs-procurement/procurement/protected/extensions/curl/Curl.php:114
Stack trace:
#0 /home/berserk/projects/faqrs-procurement/yii/framework/base/CModule.php(387): Curl->init()
#1 /home/berserk/projects/faqrs-procurement/yii/framework/base/CModule.php(103): CModule->getComponent('curl')
#2 /home/berserk/projects/faqrs-procurement/procurement/protected/controllers/SiteController.php(112): CModule->__get('curl')
#3 /home/berserk/projects/faqrs-procurement/yii/framework/web/actions/CInlineAction.php(49): SiteController->actionQuery()
#4 /home/berserk/projects/faqrs-procurement/yii/framework/web/CController.php(308): CInlineAction->runWithParams(Array)
#5 /home/berserk/projects/faqrs-procurement/yii/framework/web/CController.php(286): CController->runAction(Object(CInlineAction))
#6 /home/berserk/projects/faqrs-procurement/yii/framework/web/CController.php(265): CController->runActionWithFilters(Object(CInlineAction), Array)
#7 /home/berserk/projects/faqrs-procurement/yii/framework/web/CWebApplication.php(282): CController->run('query')
#8 /home/berserk/projects/faqrs-procurement/yii/framework/web/CWebApplication.php(141): CWebApplication->runController('site/query')
#9 /home/berserk/projects/faqrs-procurement/yii/framework/base/CApplication.php(180): CWebApplication->processRequest()
#10 /home/berserk/projects/faqrs-procurement/procurement/index.php(13): CApplication->run()
#11 {main}
REQUEST_URI=/index.php?r=site/query
---
2014/11/22 14:33:54 [error] [exception.CException] exception 'CException' with message 'You must have CURL enabled in order to use this extension.' in /home/berserk/projects/faqrs-procurement/procurement/protected/extensions/curl/Curl.php:114
Stack trace:
#0 /home/berserk/projects/faqrs-procurement/yii/framework/base/CModule.php(387): Curl->init()
#1 /home/berserk/projects/faqrs-procurement/yii/framework/base/CModule.php(103): CModule->getComponent('curl')
#2 /home/berserk/projects/faqrs-procurement/procurement/protected/controllers/SiteController.php(112): CModule->__get('curl')
#3 /home/berserk/projects/faqrs-procurement/yii/framework/web/actions/CInlineAction.php(49): SiteController->actionQuery()
#4 /home/berserk/projects/faqrs-procurement/yii/framework/web/CController.php(308): CInlineAction->runWithParams(Array)
#5 /home/berserk/projects/faqrs-procurement/yii/framework/web/CController.php(286): CController->runAction(Object(CInlineAction))
#6 /home/berserk/projects/faqrs-procurement/yii/framework/web/CController.php(265): CController->runActionWithFilters(Object(CInlineAction), Array)
#7 /home/berserk/projects/faqrs-procurement/yii/framework/web/CWebApplication.php(282): CController->run('query')
#8 /home/berserk/projects/faqrs-procurement/yii/framework/web/CWebApplication.php(141): CWebApplication->runController('site/query')
#9 /home/berserk/projects/faqrs-procurement/yii/framework/base/CApplication.php(180): CWebApplication->processRequest()
#10 /home/berserk/projects/faqrs-procurement/procurement/index.php(13): CApplication->run()
#11 {main}
REQUEST_URI=/index.php?r=site/query
---
2014/11/22 14:34:00 [error] [exception.CException] exception 'CException' with message 'You must have CURL enabled in order to use this extension.' in /home/berserk/projects/faqrs-procurement/procurement/protected/extensions/curl/Curl.php:114
Stack trace:
#0 /home/berserk/projects/faqrs-procurement/yii/framework/base/CModule.php(387): Curl->init()
#1 /home/berserk/projects/faqrs-procurement/yii/framework/base/CModule.php(103): CModule->getComponent('curl')
#2 /home/berserk/projects/faqrs-procurement/procurement/protected/controllers/SiteController.php(112): CModule->__get('curl')
#3 /home/berserk/projects/faqrs-procurement/yii/framework/web/actions/CInlineAction.php(49): SiteController->actionQuery()
#4 /home/berserk/projects/faqrs-procurement/yii/framework/web/CController.php(308): CInlineAction->runWithParams(Array)
#5 /home/berserk/projects/faqrs-procurement/yii/framework/web/CController.php(286): CController->runAction(Object(CInlineAction))
#6 /home/berserk/projects/faqrs-procurement/yii/framework/web/CController.php(265): CController->runActionWithFilters(Object(CInlineAction), Array)
#7 /home/berserk/projects/faqrs-procurement/yii/framework/web/CWebApplication.php(282): CController->run('query')
#8 /home/berserk/projects/faqrs-procurement/yii/framework/web/CWebApplication.php(141): CWebApplication->runController('site/query')
#9 /home/berserk/projects/faqrs-procurement/yii/framework/base/CApplication.php(180): CWebApplication->processRequest()
#10 /home/berserk/projects/faqrs-procurement/procurement/index.php(13): CApplication->run()
#11 {main}
REQUEST_URI=/index.php?r=site/query
---
2014/11/22 14:34:04 [error] [exception.CException] exception 'CException' with message 'You must have CURL enabled in order to use this extension.' in /home/berserk/projects/faqrs-procurement/procurement/protected/extensions/curl/Curl.php:114
Stack trace:
#0 /home/berserk/projects/faqrs-procurement/yii/framework/base/CModule.php(387): Curl->init()
#1 /home/berserk/projects/faqrs-procurement/yii/framework/base/CModule.php(103): CModule->getComponent('curl')
#2 /home/berserk/projects/faqrs-procurement/procurement/protected/controllers/SiteController.php(112): CModule->__get('curl')
#3 /home/berserk/projects/faqrs-procurement/yii/framework/web/actions/CInlineAction.php(49): SiteController->actionQuery()
#4 /home/berserk/projects/faqrs-procurement/yii/framework/web/CController.php(308): CInlineAction->runWithParams(Array)
#5 /home/berserk/projects/faqrs-procurement/yii/framework/web/CController.php(286): CController->runAction(Object(CInlineAction))
#6 /home/berserk/projects/faqrs-procurement/yii/framework/web/CController.php(265): CController->runActionWithFilters(Object(CInlineAction), Array)
#7 /home/berserk/projects/faqrs-procurement/yii/framework/web/CWebApplication.php(282): CController->run('query')
#8 /home/berserk/projects/faqrs-procurement/yii/framework/web/CWebApplication.php(141): CWebApplication->runController('site/query')
#9 /home/berserk/projects/faqrs-procurement/yii/framework/base/CApplication.php(180): CWebApplication->processRequest()
#10 /home/berserk/projects/faqrs-procurement/procurement/index.php(13): CApplication->run()
#11 {main}
REQUEST_URI=/index.php?r=site/query
---
2014/11/22 14:34:06 [error] [exception.CException] exception 'CException' with message 'You must have CURL enabled in order to use this extension.' in /home/berserk/projects/faqrs-procurement/procurement/protected/extensions/curl/Curl.php:114
Stack trace:
#0 /home/berserk/projects/faqrs-procurement/yii/framework/base/CModule.php(387): Curl->init()
#1 /home/berserk/projects/faqrs-procurement/yii/framework/base/CModule.php(103): CModule->getComponent('curl')
#2 /home/berserk/projects/faqrs-procurement/procurement/protected/controllers/SiteController.php(112): CModule->__get('curl')
#3 /home/berserk/projects/faqrs-procurement/yii/framework/web/actions/CInlineAction.php(49): SiteController->actionQuery()
#4 /home/berserk/projects/faqrs-procurement/yii/framework/web/CController.php(308): CInlineAction->runWithParams(Array)
#5 /home/berserk/projects/faqrs-procurement/yii/framework/web/CController.php(286): CController->runAction(Object(CInlineAction))
#6 /home/berserk/projects/faqrs-procurement/yii/framework/web/CController.php(265): CController->runActionWithFilters(Object(CInlineAction), Array)
#7 /home/berserk/projects/faqrs-procurement/yii/framework/web/CWebApplication.php(282): CController->run('query')
#8 /home/berserk/projects/faqrs-procurement/yii/framework/web/CWebApplication.php(141): CWebApplication->runController('site/query')
#9 /home/berserk/projects/faqrs-procurement/yii/framework/base/CApplication.php(180): CWebApplication->processRequest()
#10 /home/berserk/projects/faqrs-procurement/procurement/index.php(13): CApplication->run()
#11 {main}
REQUEST_URI=/index.php?r=site/query
---
2014/11/22 14:38:40 [error] [php] Array to string conversion (/home/berserk/projects/faqrs-procurement/procurement/protected/controllers/SiteController.php:118)
Stack trace:
#0 /home/berserk/projects/faqrs-procurement/yii/framework/web/CController.php(286): SiteController->runAction()
#1 /home/berserk/projects/faqrs-procurement/yii/framework/web/CController.php(265): SiteController->runActionWithFilters()
#2 /home/berserk/projects/faqrs-procurement/yii/framework/web/CWebApplication.php(282): SiteController->run()
#3 /home/berserk/projects/faqrs-procurement/yii/framework/web/CWebApplication.php(141): CWebApplication->runController()
#4 /home/berserk/projects/faqrs-procurement/yii/framework/base/CApplication.php(180): CWebApplication->processRequest()
#5 /home/berserk/projects/faqrs-procurement/procurement/index.php(13): CWebApplication->run()
REQUEST_URI=/index.php?r=site/query
in /home/berserk/projects/faqrs-procurement/procurement/protected/controllers/SiteController.php (118)
in /home/berserk/projects/faqrs-procurement/procurement/index.php (13)
2014/11/22 15:12:39 [error] [php] Undefined variable: ch (/home/berserk/projects/faqrs-procurement/procurement/protected/controllers/SiteController.php:114)
Stack trace:
#0 /home/berserk/projects/faqrs-procurement/yii/framework/web/CController.php(286): SiteController->runAction()
#1 /home/berserk/projects/faqrs-procurement/yii/framework/web/CController.php(265): SiteController->runActionWithFilters()
#2 /home/berserk/projects/faqrs-procurement/yii/framework/web/CWebApplication.php(282): SiteController->run()
#3 /home/berserk/projects/faqrs-procurement/yii/framework/web/CWebApplication.php(141): CWebApplication->runController()
#4 /home/berserk/projects/faqrs-procurement/yii/framework/base/CApplication.php(180): CWebApplication->processRequest()
#5 /home/berserk/projects/faqrs-procurement/procurement/index.php(13): CWebApplication->run()
REQUEST_URI=/index.php?r=site/query
in /home/berserk/projects/faqrs-procurement/procurement/protected/controllers/SiteController.php (114)
in /home/berserk/projects/faqrs-procurement/procurement/index.php (13)
2014/11/22 15:14:51 [error] [exception.CException] exception 'CException' with message 'Property "Curl.CURLOPT_HEADER" is not defined.' in /home/berserk/projects/faqrs-procurement/yii/framework/base/CComponent.php:173
Stack trace:
#0 /home/berserk/projects/faqrs-procurement/procurement/protected/controllers/SiteController.php(115): CComponent->__set('CURLOPT_HEADER', false)
#1 /home/berserk/projects/faqrs-procurement/yii/framework/web/actions/CInlineAction.php(49): SiteController->actionQuery()
#2 /home/berserk/projects/faqrs-procurement/yii/framework/web/CController.php(308): CInlineAction->runWithParams(Array)
#3 /home/berserk/projects/faqrs-procurement/yii/framework/web/CController.php(286): CController->runAction(Object(CInlineAction))
#4 /home/berserk/projects/faqrs-procurement/yii/framework/web/CController.php(265): CController->runActionWithFilters(Object(CInlineAction), Array)
#5 /home/berserk/projects/faqrs-procurement/yii/framework/web/CWebApplication.php(282): CController->run('query')
#6 /home/berserk/projects/faqrs-procurement/yii/framework/web/CWebApplication.php(141): CWebApplication->runController('site/query')
#7 /home/berserk/projects/faqrs-procurement/yii/framework/base/CApplication.php(180): CWebApplication->processRequest()
#8 /home/berserk/projects/faqrs-procurement/procurement/index.php(13): CApplication->run()
#9 {main}
REQUEST_URI=/index.php?r=site/query
---
2014/11/23 03:45:09 [error] [exception.CException] exception 'CException' with message 'Property "BiddersForm.getAgencies" is not defined.' in /home/berserk/projects/faqrs-procurement/yii/framework/base/CComponent.php:130
Stack trace:
#0 /home/berserk/projects/faqrs-procurement/procurement/protected/controllers/SiteController.php(135): CComponent->__get('getAgencies')
#1 /home/berserk/projects/faqrs-procurement/yii/framework/web/actions/CInlineAction.php(49): SiteController->actionTestmodel()
#2 /home/berserk/projects/faqrs-procurement/yii/framework/web/CController.php(308): CInlineAction->runWithParams(Array)
#3 /home/berserk/projects/faqrs-procurement/yii/framework/web/CController.php(286): CController->runAction(Object(CInlineAction))
#4 /home/berserk/projects/faqrs-procurement/yii/framework/web/CController.php(265): CController->runActionWithFilters(Object(CInlineAction), Array)
#5 /home/berserk/projects/faqrs-procurement/yii/framework/web/CWebApplication.php(282): CController->run('testmodel')
#6 /home/berserk/projects/faqrs-procurement/yii/framework/web/CWebApplication.php(141): CWebApplication->runController('site/testmodel')
#7 /home/berserk/projects/faqrs-procurement/yii/framework/base/CApplication.php(180): CWebApplication->processRequest()
#8 /home/berserk/projects/faqrs-procurement/procurement/index.php(13): CApplication->run()
#9 {main}
REQUEST_URI=/index.php?r=site/testmodel
---
2014/11/23 03:46:24 [error] [php] Undefined variable: run_one (/home/berserk/projects/faqrs-procurement/procurement/protected/models/BiddersForm.php:16)
Stack trace:
#0 /home/berserk/projects/faqrs-procurement/yii/framework/web/CController.php(308): CInlineAction->runWithParams()
#1 /home/berserk/projects/faqrs-procurement/yii/framework/web/CController.php(286): SiteController->runAction()
#2 /home/berserk/projects/faqrs-procurement/yii/framework/web/CController.php(265): SiteController->runActionWithFilters()
#3 /home/berserk/projects/faqrs-procurement/yii/framework/web/CWebApplication.php(282): SiteController->run()
#4 /home/berserk/projects/faqrs-procurement/yii/framework/web/CWebApplication.php(141): CWebApplication->runController()
#5 /home/berserk/projects/faqrs-procurement/yii/framework/base/CApplication.php(180): CWebApplication->processRequest()
#6 /home/berserk/projects/faqrs-procurement/procurement/index.php(13): CWebApplication->run()
REQUEST_URI=/index.php?r=site/testmodel
in /home/berserk/projects/faqrs-procurement/procurement/protected/models/BiddersForm.php (16)
in /home/berserk/projects/faqrs-procurement/procurement/protected/controllers/SiteController.php (135)
in /home/berserk/projects/faqrs-procurement/procurement/index.php (13)
2014/11/23 08:50:01 [error] [php] Undefined variable: model (/home/berserk/projects/faqrs-procurement/procurement/protected/views/site/pages/suppliers.php:17)
Stack trace:
#0 /home/berserk/projects/faqrs-procurement/yii/framework/web/CController.php(869): SiteController->renderFile()
#1 /home/berserk/projects/faqrs-procurement/yii/framework/web/CController.php(782): SiteController->renderPartial()
#2 /home/berserk/projects/faqrs-procurement/procurement/protected/controllers/SiteController.php(154): SiteController->render()
#3 /home/berserk/projects/faqrs-procurement/yii/framework/web/actions/CInlineAction.php(49): SiteController->actionSuppliers()
#4 /home/berserk/projects/faqrs-procurement/yii/framework/web/CController.php(308): CInlineAction->runWithParams()
#5 /home/berserk/projects/faqrs-procurement/yii/framework/web/CController.php(286): SiteController->runAction()
#6 /home/berserk/projects/faqrs-procurement/yii/framework/web/CController.php(265): SiteController->runActionWithFilters()
#7 /home/berserk/projects/faqrs-procurement/yii/framework/web/CWebApplication.php(282): SiteController->run()
#8 /home/berserk/projects/faqrs-procurement/yii/framework/web/CWebApplication.php(141): CWebApplication->runController()
#9 /home/berserk/projects/faqrs-procurement/yii/framework/base/CApplication.php(180): CWebApplication->processRequest()
#10 /home/berserk/projects/faqrs-procurement/procurement/index.php(13): CWebApplication->run()
REQUEST_URI=/index.php?r=site/suppliers
in /home/berserk/projects/faqrs-procurement/procurement/protected/views/site/pages/suppliers.php (17)
in /home/berserk/projects/faqrs-procurement/procurement/protected/controllers/SiteController.php (154)
in /home/berserk/projects/faqrs-procurement/procurement/index.php (13)
2014/11/23 08:50:39 [error] [exception.CException] exception 'CException' with message 'BiddersForm has an invalid validation rule. The rule must specify attributes to be validated and the validator name.' in /home/berserk/projects/faqrs-procurement/yii/framework/base/CModel.php:289
Stack trace:
#0 /home/berserk/projects/faqrs-procurement/yii/framework/base/CModel.php(260): CModel->createValidators()
#1 /home/berserk/projects/faqrs-procurement/yii/framework/base/CModel.php(547): CModel->getValidators()
#2 /home/berserk/projects/faqrs-procurement/yii/framework/web/widgets/CActiveForm.php(564): CModel->getSafeAttributeNames()
#3 /home/berserk/projects/faqrs-procurement/procurement/protected/views/site/pages/suppliers.php(17): CActiveForm->errorSummary(Object(BiddersForm))
#4 /home/berserk/projects/faqrs-procurement/yii/framework/web/CBaseController.php(126): require('/home/berserk/p...')
#5 /home/berserk/projects/faqrs-procurement/yii/framework/web/CBaseController.php(95): CBaseController->renderInternal('/home/berserk/p...', Array, true)
#6 /home/berserk/projects/faqrs-procurement/yii/framework/web/CController.php(869): CBaseController->renderFile('/home/berserk/p...', Array, true)
#7 /home/berserk/projects/faqrs-procurement/yii/framework/web/CController.php(782): CController->renderPartial('pages/suppliers', Array, true)
#8 /home/berserk/projects/faqrs-procurement/procurement/protected/controllers/SiteController.php(154): CController->render('pages/suppliers', Array)
#9 /home/berserk/projects/faqrs-procurement/yii/framework/web/actions/CInlineAction.php(49): SiteController->actionSuppliers()
#10 /home/berserk/projects/faqrs-procurement/yii/framework/web/CController.php(308): CInlineAction->runWithParams(Array)
#11 /home/berserk/projects/faqrs-procurement/yii/framework/web/CController.php(286): CController->runAction(Object(CInlineAction))
#12 /home/berserk/projects/faqrs-procurement/yii/framework/web/CController.php(265): CController->runActionWithFilters(Object(CInlineAction), Array)
#13 /home/berserk/projects/faqrs-procurement/yii/framework/web/CWebApplication.php(282): CController->run('suppliers')
#14 /home/berserk/projects/faqrs-procurement/yii/framework/web/CWebApplication.php(141): CWebApplication->runController('site/suppliers')
#15 /home/berserk/projects/faqrs-procurement/yii/framework/base/CApplication.php(180): CWebApplication->processRequest()
#16 /home/berserk/projects/faqrs-procurement/procurement/index.php(13): CApplication->run()
#17 {main}
REQUEST_URI=/index.php?r=site/suppliers
---
2014/11/23 08:52:10 [error] [exception.CException] exception 'CException' with message 'CActiveForm and its behaviors do not have a method or closure named "textBox".' in /home/berserk/projects/faqrs-procurement/yii/framework/base/CComponent.php:266
Stack trace:
#0 /home/berserk/projects/faqrs-procurement/procurement/protected/views/site/pages/suppliers.php(29): CComponent->__call('textBox', Array)
#1 /home/berserk/projects/faqrs-procurement/procurement/protected/views/site/pages/suppliers.php(29): CActiveForm->textBox(Object(BiddersForm), 'query')
#2 /home/berserk/projects/faqrs-procurement/yii/framework/web/CBaseController.php(126): require('/home/berserk/p...')
#3 /home/berserk/projects/faqrs-procurement/yii/framework/web/CBaseController.php(95): CBaseController->renderInternal('/home/berserk/p...', Array, true)
#4 /home/berserk/projects/faqrs-procurement/yii/framework/web/CController.php(869): CBaseController->renderFile('/home/berserk/p...', Array, true)
#5 /home/berserk/projects/faqrs-procurement/yii/framework/web/CController.php(782): CController->renderPartial('pages/suppliers', Array, true)
#6 /home/berserk/projects/faqrs-procurement/procurement/protected/controllers/SiteController.php(154): CController->render('pages/suppliers', Array)
#7 /home/berserk/projects/faqrs-procurement/yii/framework/web/actions/CInlineAction.php(49): SiteController->actionSuppliers()
#8 /home/berserk/projects/faqrs-procurement/yii/framework/web/CController.php(308): CInlineAction->runWithParams(Array)
#9 /home/berserk/projects/faqrs-procurement/yii/framework/web/CController.php(286): CController->runAction(Object(CInlineAction))
#10 /home/berserk/projects/faqrs-procurement/yii/framework/web/CController.php(265): CController->runActionWithFilters(Object(CInlineAction), Array)
#11 /home/berserk/projects/faqrs-procurement/yii/framework/web/CWebApplication.php(282): CController->run('suppliers')
#12 /home/berserk/projects/faqrs-procurement/yii/framework/web/CWebApplication.php(141): CWebApplication->runController('site/suppliers')
#13 /home/berserk/projects/faqrs-procurement/yii/framework/base/CApplication.php(180): CWebApplication->processRequest()
#14 /home/berserk/projects/faqrs-procurement/procurement/index.php(13): CApplication->run()
#15 {main}
REQUEST_URI=/index.php?r=site/suppliers
---
2014/11/23 08:52:38 [error] [exception.CException] exception 'CException' with message 'Property "BiddersForm.query" is not defined.' in /home/berserk/projects/faqrs-procurement/yii/framework/base/CComponent.php:130
Stack trace:
#0 /home/berserk/projects/faqrs-procurement/yii/framework/web/helpers/CHtml.php(2529): CComponent->__get('query')
#1 /home/berserk/projects/faqrs-procurement/yii/framework/web/helpers/CHtml.php(2252): CHtml::resolveValue(Object(BiddersForm), 'query')
#2 /home/berserk/projects/faqrs-procurement/yii/framework/web/helpers/CHtml.php(1434): CHtml::activeInputField('text', Object(BiddersForm), 'query', Array)
#3 /home/berserk/projects/faqrs-procurement/yii/framework/web/widgets/CActiveForm.php(725): CHtml::activeTextField(Object(BiddersForm), 'query', Array)
#4 /home/berserk/projects/faqrs-procurement/procurement/protected/views/site/pages/suppliers.php(29): CActiveForm->textField(Object(BiddersForm), 'query')
#5 /home/berserk/projects/faqrs-procurement/yii/framework/web/CBaseController.php(126): require('/home/berserk/p...')
#6 /home/berserk/projects/faqrs-procurement/yii/framework/web/CBaseController.php(95): CBaseController->renderInternal('/home/berserk/p...', Array, true)
#7 /home/berserk/projects/faqrs-procurement/yii/framework/web/CController.php(869): CBaseController->renderFile('/home/berserk/p...', Array, true)
#8 /home/berserk/projects/faqrs-procurement/yii/framework/web/CController.php(782): CController->renderPartial('pages/suppliers', Array, true)
#9 /home/berserk/projects/faqrs-procurement/procurement/protected/controllers/SiteController.php(154): CController->render('pages/suppliers', Array)
#10 /home/berserk/projects/faqrs-procurement/yii/framework/web/actions/CInlineAction.php(49): SiteController->actionSuppliers()
#11 /home/berserk/projects/faqrs-procurement/yii/framework/web/CController.php(308): CInlineAction->runWithParams(Array)
#12 /home/berserk/projects/faqrs-procurement/yii/framework/web/CController.php(286): CController->runAction(Object(CInlineAction))
#13 /home/berserk/projects/faqrs-procurement/yii/framework/web/CController.php(265): CController->runActionWithFilters(Object(CInlineAction), Array)
#14 /home/berserk/projects/faqrs-procurement/yii/framework/web/CWebApplication.php(282): CController->run('suppliers')
#15 /home/berserk/projects/faqrs-procurement/yii/framework/web/CWebApplication.php(141): CWebApplication->runController('site/suppliers')
#16 /home/berserk/projects/faqrs-procurement/yii/framework/base/CApplication.php(180): CWebApplication->processRequest()
#17 /home/berserk/projects/faqrs-procurement/procurement/index.php(13): CApplication->run()
#18 {main}
REQUEST_URI=/index.php?r=site/suppliers
---
2014/11/23 08:54:14 [error] [exception.CException] exception 'CException' with message 'Property "BiddersForm.query" is not defined.' in /home/berserk/projects/faqrs-procurement/yii/framework/base/CComponent.php:130
Stack trace:
#0 /home/berserk/projects/faqrs-procurement/yii/framework/web/helpers/CHtml.php(2529): CComponent->__get('query')
#1 /home/berserk/projects/faqrs-procurement/yii/framework/web/helpers/CHtml.php(2252): CHtml::resolveValue(Object(BiddersForm), 'query')
#2 /home/berserk/projects/faqrs-procurement/yii/framework/web/helpers/CHtml.php(1434): CHtml::activeInputField('text', Object(BiddersForm), 'query', Array)
#3 /home/berserk/projects/faqrs-procurement/yii/framework/web/widgets/CActiveForm.php(725): CHtml::activeTextField(Object(BiddersForm), 'query', Array)
#4 /home/berserk/projects/faqrs-procurement/procurement/protected/views/site/pages/suppliers.php(29): CActiveForm->textField(Object(BiddersForm), 'query')
#5 /home/berserk/projects/faqrs-procurement/yii/framework/web/CBaseController.php(126): require('/home/berserk/p...')
#6 /home/berserk/projects/faqrs-procurement/yii/framework/web/CBaseController.php(95): CBaseController->renderInternal('/home/berserk/p...', Array, true)
#7 /home/berserk/projects/faqrs-procurement/yii/framework/web/CController.php(869): CBaseController->renderFile('/home/berserk/p...', Array, true)
#8 /home/berserk/projects/faqrs-procurement/yii/framework/web/CController.php(782): CController->renderPartial('pages/suppliers', Array, true)
#9 /home/berserk/projects/faqrs-procurement/procurement/protected/controllers/SiteController.php(154): CController->render('pages/suppliers', Array)
#10 /home/berserk/projects/faqrs-procurement/yii/framework/web/actions/CInlineAction.php(49): SiteController->actionSuppliers()
#11 /home/berserk/projects/faqrs-procurement/yii/framework/web/CController.php(308): CInlineAction->runWithParams(Array)
#12 /home/berserk/projects/faqrs-procurement/yii/framework/web/CController.php(286): CController->runAction(Object(CInlineAction))
#13 /home/berserk/projects/faqrs-procurement/yii/framework/web/CController.php(265): CController->runActionWithFilters(Object(CInlineAction), Array)
#14 /home/berserk/projects/faqrs-procurement/yii/framework/web/CWebApplication.php(282): CController->run('suppliers')
#15 /home/berserk/projects/faqrs-procurement/yii/framework/web/CWebApplication.php(141): CWebApplication->runController('site/suppliers')
#16 /home/berserk/projects/faqrs-procurement/yii/framework/base/CApplication.php(180): CWebApplication->processRequest()
#17 /home/berserk/projects/faqrs-procurement/procurement/index.php(13): CApplication->run()
#18 {main}
REQUEST_URI=/index.php?r=site/suppliers
---
2014/11/23 08:54:18 [error] [exception.CException] exception 'CException' with message 'Property "BiddersForm.query" is not defined.' in /home/berserk/projects/faqrs-procurement/yii/framework/base/CComponent.php:130
Stack trace:
#0 /home/berserk/projects/faqrs-procurement/yii/framework/web/helpers/CHtml.php(2529): CComponent->__get('query')
#1 /home/berserk/projects/faqrs-procurement/yii/framework/web/helpers/CHtml.php(2252): CHtml::resolveValue(Object(BiddersForm), 'query')
#2 /home/berserk/projects/faqrs-procurement/yii/framework/web/helpers/CHtml.php(1434): CHtml::activeInputField('text', Object(BiddersForm), 'query', Array)
#3 /home/berserk/projects/faqrs-procurement/yii/framework/web/widgets/CActiveForm.php(725): CHtml::activeTextField(Object(BiddersForm), 'query', Array)
#4 /home/berserk/projects/faqrs-procurement/procurement/protected/views/site/pages/suppliers.php(29): CActiveForm->textField(Object(BiddersForm), 'query')
#5 /home/berserk/projects/faqrs-procurement/yii/framework/web/CBaseController.php(126): require('/home/berserk/p...')
#6 /home/berserk/projects/faqrs-procurement/yii/framework/web/CBaseController.php(95): CBaseController->renderInternal('/home/berserk/p...', Array, true)
#7 /home/berserk/projects/faqrs-procurement/yii/framework/web/CController.php(869): CBaseController->renderFile('/home/berserk/p...', Array, true)
#8 /home/berserk/projects/faqrs-procurement/yii/framework/web/CController.php(782): CController->renderPartial('pages/suppliers', Array, true)
#9 /home/berserk/projects/faqrs-procurement/procurement/protected/controllers/SiteController.php(154): CController->render('pages/suppliers', Array)
#10 /home/berserk/projects/faqrs-procurement/yii/framework/web/actions/CInlineAction.php(49): SiteController->actionSuppliers()
#11 /home/berserk/projects/faqrs-procurement/yii/framework/web/CController.php(308): CInlineAction->runWithParams(Array)
#12 /home/berserk/projects/faqrs-procurement/yii/framework/web/CController.php(286): CController->runAction(Object(CInlineAction))
#13 /home/berserk/projects/faqrs-procurement/yii/framework/web/CController.php(265): CController->runActionWithFilters(Object(CInlineAction), Array)
#14 /home/berserk/projects/faqrs-procurement/yii/framework/web/CWebApplication.php(282): CController->run('suppliers')
#15 /home/berserk/projects/faqrs-procurement/yii/framework/web/CWebApplication.php(141): CWebApplication->runController('site/suppliers')
#16 /home/berserk/projects/faqrs-procurement/yii/framework/base/CApplication.php(180): CWebApplication->processRequest()
#17 /home/berserk/projects/faqrs-procurement/procurement/index.php(13): CApplication->run()
#18 {main}
REQUEST_URI=/index.php?r=site/suppliers
---
2014/11/23 09:18:20 [error] [php] Undefined variable: run (/home/berserk/projects/faqrs-procurement/procurement/protected/models/BiddersForm.php:29)
Stack trace:
#0 /home/berserk/projects/faqrs-procurement/yii/framework/web/CBaseController.php(95): SiteController->renderInternal()
#1 /home/berserk/projects/faqrs-procurement/yii/framework/web/CController.php(869): SiteController->renderFile()
#2 /home/berserk/projects/faqrs-procurement/yii/framework/web/CController.php(782): SiteController->renderPartial()
#3 /home/berserk/projects/faqrs-procurement/procurement/protected/controllers/SiteController.php(155): SiteController->render()
#4 /home/berserk/projects/faqrs-procurement/yii/framework/web/actions/CInlineAction.php(49): SiteController->actionSuppliers()
#5 /home/berserk/projects/faqrs-procurement/yii/framework/web/CController.php(308): CInlineAction->runWithParams()
#6 /home/berserk/projects/faqrs-procurement/yii/framework/web/CController.php(286): SiteController->runAction()
#7 /home/berserk/projects/faqrs-procurement/yii/framework/web/CController.php(265): SiteController->runActionWithFilters()
#8 /home/berserk/projects/faqrs-procurement/yii/framework/web/CWebApplication.php(282): SiteController->run()
#9 /home/berserk/projects/faqrs-procurement/yii/framework/web/CWebApplication.php(141): CWebApplication->runController()
#10 /home/berserk/projects/faqrs-procurement/yii/framework/base/CApplication.php(180): CWebApplication->processRequest()
#11 /home/berserk/projects/faqrs-procurement/procurement/index.php(13): CWebApplication->run()
REQUEST_URI=/index.php?r=site/suppliers
in /home/berserk/projects/faqrs-procurement/procurement/protected/models/BiddersForm.php (29)
in /home/berserk/projects/faqrs-procurement/procurement/protected/views/site/pages/suppliers.php (19)
in /home/berserk/projects/faqrs-procurement/procurement/protected/controllers/SiteController.php (155)
2014/11/23 09:18:45 [error] [php] Undefined variable: query (/home/berserk/projects/faqrs-procurement/procurement/protected/models/BiddersForm.php:29)
Stack trace:
#0 /home/berserk/projects/faqrs-procurement/yii/framework/web/CBaseController.php(95): SiteController->renderInternal()
#1 /home/berserk/projects/faqrs-procurement/yii/framework/web/CController.php(869): SiteController->renderFile()
#2 /home/berserk/projects/faqrs-procurement/yii/framework/web/CController.php(782): SiteController->renderPartial()
#3 /home/berserk/projects/faqrs-procurement/procurement/protected/controllers/SiteController.php(155): SiteController->render()
#4 /home/berserk/projects/faqrs-procurement/yii/framework/web/actions/CInlineAction.php(49): SiteController->actionSuppliers()
#5 /home/berserk/projects/faqrs-procurement/yii/framework/web/CController.php(308): CInlineAction->runWithParams()
#6 /home/berserk/projects/faqrs-procurement/yii/framework/web/CController.php(286): SiteController->runAction()
#7 /home/berserk/projects/faqrs-procurement/yii/framework/web/CController.php(265): SiteController->runActionWithFilters()
#8 /home/berserk/projects/faqrs-procurement/yii/framework/web/CWebApplication.php(282): SiteController->run()
#9 /home/berserk/projects/faqrs-procurement/yii/framework/web/CWebApplication.php(141): CWebApplication->runController()
#10 /home/berserk/projects/faqrs-procurement/yii/framework/base/CApplication.php(180): CWebApplication->processRequest()
#11 /home/berserk/projects/faqrs-procurement/procurement/index.php(13): CWebApplication->run()
REQUEST_URI=/index.php?r=site/suppliers
in /home/berserk/projects/faqrs-procurement/procurement/protected/models/BiddersForm.php (29)
in /home/berserk/projects/faqrs-procurement/procurement/protected/views/site/pages/suppliers.php (19)
in /home/berserk/projects/faqrs-procurement/procurement/protected/controllers/SiteController.php (155)
2014/11/23 09:51:38 [error] [exception.CException] exception 'CException' with message 'Property "BiddersForm.savings" is read only.' in /home/berserk/projects/faqrs-procurement/yii/framework/base/CComponent.php:170
Stack trace:
#0 /home/berserk/projects/faqrs-procurement/procurement/protected/controllers/SiteController.php(152): CComponent->__set('savings', Array)
#1 /home/berserk/projects/faqrs-procurement/yii/framework/web/actions/CInlineAction.php(49): SiteController->actionSuppliers()
#2 /home/berserk/projects/faqrs-procurement/yii/framework/web/CController.php(308): CInlineAction->runWithParams(Array)
#3 /home/berserk/projects/faqrs-procurement/yii/framework/web/CController.php(286): CController->runAction(Object(CInlineAction))
#4 /home/berserk/projects/faqrs-procurement/yii/framework/web/CController.php(265): CController->runActionWithFilters(Object(CInlineAction), Array)
#5 /home/berserk/projects/faqrs-procurement/yii/framework/web/CWebApplication.php(282): CController->run('suppliers')
#6 /home/berserk/projects/faqrs-procurement/yii/framework/web/CWebApplication.php(141): CWebApplication->runController('site/suppliers')
#7 /home/berserk/projects/faqrs-procurement/yii/framework/base/CApplication.php(180): CWebApplication->processRequest()
#8 /home/berserk/projects/faqrs-procurement/procurement/index.php(13): CApplication->run()
#9 {main}
REQUEST_URI=/index.php?r=site/suppliers
HTTP_REFERER=http://procurement/index.php?r=site/suppliers
---
2014/11/23 10:22:57 [error] [php] Undefined variable: model (/home/berserk/projects/faqrs-procurement/procurement/protected/models/BiddersForm.php:61)
Stack trace:
#0 /home/berserk/projects/faqrs-procurement/yii/framework/web/CController.php(308): CInlineAction->runWithParams()
#1 /home/berserk/projects/faqrs-procurement/yii/framework/web/CController.php(286): SiteController->runAction()
#2 /home/berserk/projects/faqrs-procurement/yii/framework/web/CController.php(265): SiteController->runActionWithFilters()
#3 /home/berserk/projects/faqrs-procurement/yii/framework/web/CWebApplication.php(282): SiteController->run()
#4 /home/berserk/projects/faqrs-procurement/yii/framework/web/CWebApplication.php(141): CWebApplication->runController()
#5 /home/berserk/projects/faqrs-procurement/yii/framework/base/CApplication.php(180): CWebApplication->processRequest()
#6 /home/berserk/projects/faqrs-procurement/procurement/index.php(13): CWebApplication->run()
REQUEST_URI=/index.php?r=site/suppliers
in /home/berserk/projects/faqrs-procurement/procurement/protected/models/BiddersForm.php (61)
in /home/berserk/projects/faqrs-procurement/procurement/protected/controllers/SiteController.php (152)
in /home/berserk/projects/faqrs-procurement/procurement/index.php (13)
2014/11/23 11:00:07 [error] [php] Undefined variable: model (/home/berserk/projects/faqrs-procurement/procurement/protected/views/site/pages/suppliers.php:17)
Stack trace:
#0 /home/berserk/projects/faqrs-procurement/yii/framework/web/CController.php(869): SiteController->renderFile()
#1 /home/berserk/projects/faqrs-procurement/yii/framework/web/CController.php(782): SiteController->renderPartial()
#2 /home/berserk/projects/faqrs-procurement/yii/framework/web/actions/CViewAction.php(140): SiteController->render()
#3 /home/berserk/projects/faqrs-procurement/yii/framework/web/actions/CAction.php(76): CViewAction->run()
#4 /home/berserk/projects/faqrs-procurement/yii/framework/web/CController.php(308): CViewAction->runWithParams()
#5 /home/berserk/projects/faqrs-procurement/yii/framework/web/CController.php(286): SiteController->runAction()
#6 /home/berserk/projects/faqrs-procurement/yii/framework/web/CController.php(265): SiteController->runActionWithFilters()
#7 /home/berserk/projects/faqrs-procurement/yii/framework/web/CWebApplication.php(282): SiteController->run()
#8 /home/berserk/projects/faqrs-procurement/yii/framework/web/CWebApplication.php(141): CWebApplication->runController()
#9 /home/berserk/projects/faqrs-procurement/yii/framework/base/CApplication.php(180): CWebApplication->processRequest()
#10 /home/berserk/projects/faqrs-procurement/procurement/index.php(13): CWebApplication->run()
REQUEST_URI=/index.php?r=site/page&view=suppliers
in /home/berserk/projects/faqrs-procurement/procurement/protected/views/site/pages/suppliers.php (17)
in /home/berserk/projects/faqrs-procurement/procurement/index.php (13)
2014/11/23 11:35:03 [error] [php] Undefined variable: model (/home/berserk/projects/faqrs-procurement/procurement/protected/controllers/SiteController.php:174)
Stack trace:
#0 /home/berserk/projects/faqrs-procurement/yii/framework/web/CController.php(286): SiteController->runAction()
#1 /home/berserk/projects/faqrs-procurement/yii/framework/web/CController.php(265): SiteController->runActionWithFilters()
#2 /home/berserk/projects/faqrs-procurement/yii/framework/web/CWebApplication.php(282): SiteController->run()
#3 /home/berserk/projects/faqrs-procurement/yii/framework/web/CWebApplication.php(141): CWebApplication->runController()
#4 /home/berserk/projects/faqrs-procurement/yii/framework/base/CApplication.php(180): CWebApplication->processRequest()
#5 /home/berserk/projects/faqrs-procurement/procurement/index.php(13): CWebApplication->run()
REQUEST_URI=/index.php?r=site/getsupplierdetail
in /home/berserk/projects/faqrs-procurement/procurement/protected/controllers/SiteController.php (174)
in /home/berserk/projects/faqrs-procurement/procurement/index.php (13)
